[debug] [2017-11-25T18:45:31.316Z] ----------------------------------------------------------------------
[debug] [2017-11-25T18:45:31.318Z] Command:       /Users/a6000768/.nvm/versions/node/v8.8.1/bin/node /Users/a6000768/.nvm/versions/node/v8.8.1/bin/firebase init
[debug] [2017-11-25T18:45:31.318Z] CLI Version:   3.15.3
[debug] [2017-11-25T18:45:31.318Z] Platform:      darwin
[debug] [2017-11-25T18:45:31.318Z] Node Version:  v8.8.1
[debug] [2017-11-25T18:45:31.319Z] Time:          Sat Nov 25 2017 12:45:31 GMT-0600 (CST)
[debug] [2017-11-25T18:45:31.319Z] ----------------------------------------------------------------------
[debug] 
[debug] [2017-11-25T18:45:31.327Z] > command requires scopes: ["email","openid","https://www.googleapis.com/auth/cloudplatformprojects.readonly","https://www.googleapis.com/auth/firebase"]
[debug] [2017-11-25T18:45:31.327Z] > authorizing via signed-in user
[info] 
     🔥🔥🔥🔥🔥🔥🔥🔥 🔥🔥🔥🔥 🔥🔥🔥🔥🔥🔥🔥🔥  🔥🔥🔥🔥🔥🔥🔥🔥 🔥🔥🔥🔥🔥🔥🔥🔥     🔥🔥🔥     🔥🔥🔥🔥🔥🔥  🔥🔥🔥🔥🔥🔥🔥🔥
     🔥🔥        🔥🔥  🔥🔥     🔥🔥 🔥🔥       🔥🔥     🔥🔥  🔥🔥   🔥🔥  🔥🔥       🔥🔥
     🔥🔥🔥🔥🔥🔥    🔥🔥  🔥🔥🔥🔥🔥🔥🔥🔥  🔥🔥🔥🔥🔥🔥   🔥🔥🔥🔥🔥🔥🔥🔥  🔥🔥🔥🔥🔥🔥🔥🔥🔥  🔥🔥🔥🔥🔥🔥  🔥🔥🔥🔥🔥🔥
     🔥🔥        🔥🔥  🔥🔥    🔥🔥  🔥🔥       🔥🔥     🔥🔥 🔥🔥     🔥🔥       🔥🔥 🔥🔥
     🔥🔥       🔥🔥🔥🔥 🔥🔥     🔥🔥 🔥🔥🔥🔥🔥🔥🔥🔥 🔥🔥🔥🔥🔥🔥🔥🔥  🔥🔥     🔥🔥  🔥🔥🔥🔥🔥🔥  🔥🔥🔥🔥🔥🔥🔥🔥

You're about to initialize a Firebase project in this directory:

  /Users/a6000768/projects/lifeRecorded

[info] 
=== Project Setup
[info] 
[info] First, let's associate this project directory with a Firebase project.
[info] You can create multiple project aliases by running firebase use --add, 
[info] but for now we'll just set up a default project.
[info] 
[debug] [2017-11-25T18:46:03.398Z] > refreshing access token with scopes: ["email","https://www.googleapis.com/auth/cloudplatformprojects.readonly","https://www.googleapis.com/auth/firebase","openid"]
[debug] [2017-11-25T18:46:03.398Z] >>> HTTP REQUEST POST https://www.googleapis.com/oauth2/v3/token { refresh_token: '1/SieSLXhCjHjYVrjc_sO7jD0Gp-kOdj29Y1JBVUEUlMs',
  client_id: '563584335869-fgrhgmd47bqnekij5i8b5pr03ho849e6.apps.googleusercontent.com',
  client_secret: 'j9iVZfS8kkCEFUPaAeJV0sAi',
  grant_type: 'refresh_token',
  scope: 'email https://www.googleapis.com/auth/cloudplatformprojects.readonly https://www.googleapis.com/auth/firebase openid' } 
 Sat Nov 25 2017 12:46:03 GMT-0600 (CST)
[debug] [2017-11-25T18:46:03.718Z] <<< HTTP RESPONSE 200
[debug] [2017-11-25T18:46:03.735Z] >>> HTTP REQUEST GET https://admin.firebase.com/v1/projects  
 Sat Nov 25 2017 12:46:03 GMT-0600 (CST)
[debug] [2017-11-25T18:46:10.660Z] <<< HTTP RESPONSE 200
[info] 
=== Database Setup
[info] 
[info] Firebase Realtime Database Rules allow you to define how your data should be
[info] structured and when your data can be read from and written to.
[info] 
[debug] [2017-11-25T18:46:30.122Z] >>> HTTP REQUEST GET https://liferecorded-c730f.firebaseio.com/.settings/rules.json  
 Sat Nov 25 2017 12:46:30 GMT-0600 (CST)
[debug] [2017-11-25T18:46:30.607Z] <<< HTTP RESPONSE 200
[info] ✔  Database Rules for liferecorded-c730f have been downloaded to database.rules.json.
[info] Future modifications to database.rules.json will update Database Rules when you run
[info] firebase deploy.
[info] 
=== Firestore Setup
[info] 
[info] Firestore Security Rules allow you to define how and when to allow
[info] requests. You can keep these rules in your project directory
[info] and publish them with firebase deploy.
[info] 
[info] 
[info] Firestore indexes allow you to perform complex queries while
[info] maintaining performance that scales with the size of the result
[info] set. You can keep index definitions in your project directory
[info] and publish them with firebase deploy.
[info] 
[info] 
=== Functions Setup
[info] 
[info] A functions directory will be created in your project with a Node.js
[info] package pre-configured. Functions can be deployed with firebase deploy.
[info] 
[debug] [2017-11-25T18:46:54.659Z] > command requires scopes: ["email","openid","https://www.googleapis.com/auth/cloudplatformprojects.readonly","https://www.googleapis.com/auth/firebase","https://www.googleapis.com/auth/cloud-platform"]
[debug] [2017-11-25T18:46:54.659Z] > authorizing via signed-in user
[debug] [2017-11-25T18:46:54.659Z] > refreshing access token with scopes: ["email","https://www.googleapis.com/auth/cloud-platform","https://www.googleapis.com/auth/cloudplatformprojects.readonly","https://www.googleapis.com/auth/firebase","openid"]
[debug] [2017-11-25T18:46:54.660Z] >>> HTTP REQUEST POST https://www.googleapis.com/oauth2/v3/token { refresh_token: '1/SieSLXhCjHjYVrjc_sO7jD0Gp-kOdj29Y1JBVUEUlMs',
  client_id: '563584335869-fgrhgmd47bqnekij5i8b5pr03ho849e6.apps.googleusercontent.com',
  client_secret: 'j9iVZfS8kkCEFUPaAeJV0sAi',
  grant_type: 'refresh_token',
  scope: 'email https://www.googleapis.com/auth/cloud-platform https://www.googleapis.com/auth/cloudplatformprojects.readonly https://www.googleapis.com/auth/firebase openid' } 
 Sat Nov 25 2017 12:46:54 GMT-0600 (CST)
[debug] [2017-11-25T18:46:54.837Z] <<< HTTP RESPONSE 200
[debug] [2017-11-25T18:46:54.846Z] >>> HTTP REQUEST GET https://admin.firebase.com/v1/projects/liferecorded-c730f  
 Sat Nov 25 2017 12:46:54 GMT-0600 (CST)
[debug] [2017-11-25T18:46:55.227Z] <<< HTTP RESPONSE 200
[debug] [2017-11-25T18:46:55.228Z] >>> HTTP REQUEST GET https://admin.firebase.com/v1/database/liferecorded-c730f/tokens  
 Sat Nov 25 2017 12:46:55 GMT-0600 (CST)
[debug] [2017-11-25T18:47:15.575Z] <<< HTTP RESPONSE 500
[debug] [2017-11-25T18:47:15.575Z] <<< HTTP RESPONSE BODY
[error] 
[error] Error: HTTP Error: 500, An unknown error occurred. Please contact support.
[debug] [2017-11-25T18:47:15.798Z] Error Context: {
  "body": {
    "error": {
      "code": "UNKNOWN_ERROR",
      "message": "An unknown error occurred. Please contact support."
    }
  },
  "response": {
    "statusCode": 500,
    "body": {
      "error": {
        "code": "UNKNOWN_ERROR",
        "message": "An unknown error occurred. Please contact support."
      }
    },
    "headers": {
      "server": "nginx",
      "date": "Sat, 25 Nov 2017 18:47:11 GMT",
      "content-type": "application/json; charset=utf-8",
      "content-length": "97",
      "connection": "close",
      "x-content-type-options": "nosniff"
    },
    "request": {
      "uri": {
        "protocol": "https:",
        "slashes": true,
        "auth": null,
        "host": "admin.firebase.com",
        "port": 443,
        "hostname": "admin.firebase.com",
        "hash": null,
        "search": null,
        "query": null,
        "pathname": "/v1/database/liferecorded-c730f/tokens",
        "path": "/v1/database/liferecorded-c730f/tokens",
        "href": "https://admin.firebase.com/v1/database/liferecorded-c730f/tokens"
      },
      "method": "GET"
    }
  }
}
